c:\users\tti13santtik\documents\github\aaiaa\siika2d\siika2d\tegra-android\debug\bin\siika2d-debug.apk
c:\users\tti13santtik\documents\github\aaiaa\siika2d\siika2d\tegra-android\debug\bin\siika2d.ap_.d
c:\users\tti13santtik\documents\github\aaiaa\siika2d\siika2d\tegra-android\debug\bin\siika2d.ap_
c:\users\tti13santtik\documents\github\aaiaa\siika2d\siika2d\tegra-android\debug\libs\armeabi-v7a\libsiika2d.so
c:\users\tti13santtik\documents\github\aaiaa\siika2d\siika2d\tegra-android\debug\libs\armeabi-v7a\gdb.setup
c:\users\tti13santtik\documents\github\aaiaa\siika2d\siika2d\tegra-android\debug\libs\armeabi-v7a\gdbserver
c:\users\tti13santtik\documents\github\aaiaa\siika2d\siika2d\tegra-android\debug\bin\androidmanifest.xml
c:\users\tti13santtik\documents\github\aaiaa\siika2d\siika2d\tegra-android\debug\bin\androidmanifest.xml.d
c:\users\tti13santtik\documents\github\aaiaa\siika2d\siika2d\tegra-android\debug\bin\siika2d-debug-unaligned.apk
c:\users\tti13santtik\documents\github\aaiaa\siika2d\siika2d\tegra-android\debug\bin\siika2d-debug-unaligned.apk.d
c:\users\tti13santtik\documents\github\aaiaa\siika2d\siika2d\tegra-android\debug\bin\build.prop
c:\users\tti13santtik\documents\github\aaiaa\siika2d\siika2d\tegra-android\debug\ant_log.xml
c:\users\tti13santtik\documents\github\aaiaa\siika2d\tegra-android\debug\libsiika2d.so
c:\users\tti13santtik\documents\github\aaiaa\siika2d\siika2d\tegra-android\debug\color.o
c:\users\tti13santtik\documents\github\aaiaa\siika2d\siika2d\tegra-android\debug\android_native_app_glue.o
c:\users\tti13santtik\documents\github\aaiaa\siika2d\siika2d\tegra-android\debug\graphicscontext.o
c:\users\tti13santtik\documents\github\aaiaa\siika2d\siika2d\tegra-android\debug\lodepng.o
c:\users\tti13santtik\documents\github\aaiaa\siika2d\siika2d\tegra-android\debug\errorhandler.o
c:\users\tti13santtik\documents\github\aaiaa\siika2d\siika2d\tegra-android\debug\resourcemanager.o
c:\users\tti13santtik\documents\github\aaiaa\siika2d\siika2d\tegra-android\debug\ant.command.1.tlog
c:\users\tti13santtik\documents\github\aaiaa\siika2d\siika2d\tegra-android\debug\cmd-java-zipalign.read.1.tlog
c:\users\tti13santtik\documents\github\aaiaa\siika2d\siika2d\tegra-android\debug\cmd-java-zipalign.write.1.tlog
c:\users\tti13santtik\documents\github\aaiaa\siika2d\siika2d\tegra-android\debug\cmd-java.read.1.tlog
c:\users\tti13santtik\documents\github\aaiaa\siika2d\siika2d\tegra-android\debug\cmd-java.read.2.tlog
c:\users\tti13santtik\documents\github\aaiaa\siika2d\siika2d\tegra-android\debug\cmd-java.write.2.tlog
c:\users\tti13santtik\documents\github\aaiaa\siika2d\siika2d\tegra-android\debug\nsight_tegra_build.xml
c:\users\tti13santtik\documents\github\aaiaa\siika2d\siika2d\tegra-android\debug\nsight_tegra_manifest.xml
c:\users\tti13santtik\documents\github\aaiaa\siika2d\siika2d\tegra-android\debug\siika2d.tlog\arm-linux-androideabi-g++-collect2.read.1.tlog
c:\users\tti13santtik\documents\github\aaiaa\siika2d\siika2d\tegra-android\debug\siika2d.tlog\arm-linux-androideabi-g++-collect2.write.1.tlog
c:\users\tti13santtik\documents\github\aaiaa\siika2d\siika2d\tegra-android\debug\siika2d.tlog\arm-linux-androideabi-g++-link.command.1.tlog
c:\users\tti13santtik\documents\github\aaiaa\siika2d\siika2d\tegra-android\debug\siika2d.tlog\arm-linux-androideabi-g++.compile.command.1.tlog
c:\users\tti13santtik\documents\github\aaiaa\siika2d\siika2d\tegra-android\debug\siika2d.tlog\arm-linux-androideabi-g++.compile.read.1.tlog
c:\users\tti13santtik\documents\github\aaiaa\siika2d\siika2d\tegra-android\debug\siika2d.tlog\arm-linux-androideabi-g++.compile.write.1.tlog
c:\users\tti13santtik\documents\github\aaiaa\siika2d\siika2d\tegra-android\debug\siika2d.tlog\arm-linux-androideabi-g++.read.1.tlog
c:\users\tti13santtik\documents\github\aaiaa\siika2d\siika2d\tegra-android\debug\siika2d.tlog\arm-linux-androideabi-g++.write.1.tlog
